[2016-12-24 10:08:46][4728][C:\xampp\htdocs\weixin\echoserver\interface.php][checkSignature][8][ERROR][EC_OTHTER]
[2016-12-24 10:08:46][4728][C:\xampp\htdocs\weixin\echoserver\interface.php][checkSignature][14][ERROR][EC_OTHTER]d8579dd9b01d8397c5169b43703c1bccff4ab9bb
[2016-12-24 10:08:46][4728][C:\xampp\htdocs\weixin\echoserver\interface.php][main][66][ERROR][EC_OK]error input!
[2016-12-24 10:10:39][4728][C:\xampp\htdocs\weixin\echoserver\interface.php][checkSignature][8][ERROR][EC_OTHTER]e25344b8988037e2dbdd31c313029bd7c5e552f0
[2016-12-24 10:10:39][4728][C:\xampp\htdocs\weixin\echoserver\interface.php][checkSignature][14][ERROR][EC_OTHTER]e25344b8988037e2dbdd31c313029bd7c5e552f0
[2016-12-24 10:10:45][4728][C:\xampp\htdocs\weixin\echoserver\interface.php][checkSignature][8][ERROR][EC_OTHTER]
[2016-12-24 10:10:45][4728][C:\xampp\htdocs\weixin\echoserver\interface.php][checkSignature][14][ERROR][EC_OTHTER]d8579dd9b01d8397c5169b43703c1bccff4ab9bb
[2016-12-24 10:10:45][4728][C:\xampp\htdocs\weixin\echoserver\class\WeChatCallBackEchoServer.php][process][60][ERROR][1100]query db errorQuery fail:
[2016-12-24 10:26:09][4728][C:\xampp\htdocs\weixin\echoserver\interface.php][checkSignature][8][ERROR][EC_OTHTER]
[2016-12-24 10:26:09][4728][C:\xampp\htdocs\weixin\echoserver\interface.php][checkSignature][14][ERROR][EC_OTHTER]d8579dd9b01d8397c5169b43703c1bccff4ab9bb
[2016-12-24 10:26:09][4728][C:\xampp\htdocs\weixin\echoserver\class\WeChatCallBackEchoServer.php][process][60][ERROR][1100]query db errorQuery fail:
[2016-12-24 10:32:01][4728][C:\xampp\htdocs\weixin\echoserver\interface.php][checkSignature][8][ERROR][EC_OTHTER]
[2016-12-24 10:32:01][4728][C:\xampp\htdocs\weixin\echoserver\interface.php][checkSignature][14][ERROR][EC_OTHTER]d8579dd9b01d8397c5169b43703c1bccff4ab9bb
[2016-12-24 10:32:01][4728][C:\xampp\htdocs\weixin\echoserver\class\WeChatCallBackEchoServer.php][process][60][ERROR][1100]query db errorQuery fail:
[2016-12-24 10:34:35][4728][C:\xampp\htdocs\weixin\echoserver\interface.php][checkSignature][8][ERROR][EC_OTHTER]
[2016-12-24 10:34:35][4728][C:\xampp\htdocs\weixin\echoserver\interface.php][checkSignature][14][ERROR][EC_OTHTER]d8579dd9b01d8397c5169b43703c1bccff4ab9bb
[2016-12-24 10:34:45][4728][C:\xampp\htdocs\weixin\echoserver\interface.php][checkSignature][8][ERROR][EC_OTHTER]
[2016-12-24 10:34:45][4728][C:\xampp\htdocs\weixin\echoserver\interface.php][checkSignature][14][ERROR][EC_OTHTER]d8579dd9b01d8397c5169b43703c1bccff4ab9bb
[2016-12-24 10:37:42][4728][C:\xampp\htdocs\weixin\echoserver\interface.php][checkSignature][8][ERROR][EC_OTHTER]
[2016-12-24 10:37:42][4728][C:\xampp\htdocs\weixin\echoserver\interface.php][checkSignature][14][ERROR][EC_OTHTER]d8579dd9b01d8397c5169b43703c1bccff4ab9bb
[2016-12-24 10:37:42][4728][C:\xampp\htdocs\weixin\echoserver\class\WeChatCallBackEchoServer.php][process][60][ERROR][1100]query db errorupdate failUnknown column 'ojpX_jig-gyi3_Q9fHXQ4rdHniQs' in 'where clause'
[2016-12-24 10:37:56][4728][C:\xampp\htdocs\weixin\echoserver\interface.php][checkSignature][8][ERROR][EC_OTHTER]
[2016-12-24 10:37:56][4728][C:\xampp\htdocs\weixin\echoserver\interface.php][checkSignature][14][ERROR][EC_OTHTER]d8579dd9b01d8397c5169b43703c1bccff4ab9bb
[2016-12-24 10:37:56][4728][C:\xampp\htdocs\weixin\echoserver\class\WeChatCallBackEchoServer.php][process][60][ERROR][1100]query db errorupdate failUnknown column 'ojpX_jig-gyi3_Q9fHXQ4rdHniQs' in 'where clause'
[2016-12-24 10:38:16][4728][C:\xampp\htdocs\weixin\echoserver\interface.php][checkSignature][8][ERROR][EC_OTHTER]
[2016-12-24 10:38:16][4728][C:\xampp\htdocs\weixin\echoserver\interface.php][checkSignature][14][ERROR][EC_OTHTER]d8579dd9b01d8397c5169b43703c1bccff4ab9bb
[2016-12-24 10:38:25][4728][C:\xampp\htdocs\weixin\echoserver\interface.php][checkSignature][8][ERROR][EC_OTHTER]
[2016-12-24 10:38:25][4728][C:\xampp\htdocs\weixin\echoserver\interface.php][checkSignature][14][ERROR][EC_OTHTER]d8579dd9b01d8397c5169b43703c1bccff4ab9bb
[2016-12-24 10:38:25][4728][C:\xampp\htdocs\weixin\echoserver\class\WeChatCallBackEchoServer.php][process][60][ERROR][1100]query db errorupdate failUnknown column 'ojpXaaaaa' in 'where clause'
[2016-12-24 10:38:26][4728][C:\xampp\htdocs\weixin\echoserver\interface.php][checkSignature][8][ERROR][EC_OTHTER]
[2016-12-24 10:38:26][4728][C:\xampp\htdocs\weixin\echoserver\interface.php][checkSignature][14][ERROR][EC_OTHTER]d8579dd9b01d8397c5169b43703c1bccff4ab9bb
[2016-12-24 10:38:26][4728][C:\xampp\htdocs\weixin\echoserver\class\WeChatCallBackEchoServer.php][process][60][ERROR][1100]query db errorupdate failUnknown column 'ojpXaaaaa' in 'where clause'
[2016-12-24 10:40:20][4728][C:\xampp\htdocs\weixin\echoserver\interface.php][checkSignature][8][ERROR][EC_OTHTER]
[2016-12-24 10:40:20][4728][C:\xampp\htdocs\weixin\echoserver\interface.php][checkSignature][14][ERROR][EC_OTHTER]d8579dd9b01d8397c5169b43703c1bccff4ab9bb
[2016-12-24 10:40:22][4728][C:\xampp\htdocs\weixin\echoserver\interface.php][checkSignature][8][ERROR][EC_OTHTER]
[2016-12-24 10:40:22][4728][C:\xampp\htdocs\weixin\echoserver\interface.php][checkSignature][14][ERROR][EC_OTHTER]d8579dd9b01d8397c5169b43703c1bccff4ab9bb
[2016-12-24 10:40:29][4728][C:\xampp\htdocs\weixin\echoserver\interface.php][checkSignature][8][ERROR][EC_OTHTER]
[2016-12-24 10:40:29][4728][C:\xampp\htdocs\weixin\echoserver\interface.php][checkSignature][14][ERROR][EC_OTHTER]d8579dd9b01d8397c5169b43703c1bccff4ab9bb
[2016-12-24 10:40:29][4728][C:\xampp\htdocs\weixin\echoserver\class\WeChatCallBackEchoServer.php][process][60][ERROR][1100]query db errorupdate failUnknown column 'ojpXaaaaa' in 'where clause'
[2016-12-24 10:40:32][4728][C:\xampp\htdocs\weixin\echoserver\interface.php][checkSignature][8][ERROR][EC_OTHTER]
[2016-12-24 10:40:32][4728][C:\xampp\htdocs\weixin\echoserver\interface.php][checkSignature][14][ERROR][EC_OTHTER]d8579dd9b01d8397c5169b43703c1bccff4ab9bb
[2016-12-24 10:40:32][4728][C:\xampp\htdocs\weixin\echoserver\class\WeChatCallBackEchoServer.php][process][60][ERROR][1100]query db errorupdate failUnknown column 'ojpXaaaaa' in 'where clause'
[2016-12-24 10:40:35][4728][C:\xampp\htdocs\weixin\echoserver\interface.php][checkSignature][8][ERROR][EC_OTHTER]
[2016-12-24 10:40:35][4728][C:\xampp\htdocs\weixin\echoserver\interface.php][checkSignature][14][ERROR][EC_OTHTER]d8579dd9b01d8397c5169b43703c1bccff4ab9bb
[2016-12-24 10:40:35][4728][C:\xampp\htdocs\weixin\echoserver\class\WeChatCallBackEchoServer.php][process][60][ERROR][1100]query db errorupdate failUnknown column 'ojpXaaaaa' in 'where clause'
[2016-12-24 10:40:38][4728][C:\xampp\htdocs\weixin\echoserver\interface.php][checkSignature][8][ERROR][EC_OTHTER]
[2016-12-24 10:40:38][4728][C:\xampp\htdocs\weixin\echoserver\interface.php][checkSignature][14][ERROR][EC_OTHTER]d8579dd9b01d8397c5169b43703c1bccff4ab9bb
[2016-12-24 10:40:38][4728][C:\xampp\htdocs\weixin\echoserver\class\WeChatCallBackEchoServer.php][process][60][ERROR][1100]query db errorupdate failUnknown column 'ojpXaaaaa' in 'where clause'
[2016-12-24 10:42:19][4728][C:\xampp\htdocs\weixin\echoserver\interface.php][checkSignature][8][ERROR][EC_OTHTER]
[2016-12-24 10:42:19][4728][C:\xampp\htdocs\weixin\echoserver\interface.php][checkSignature][14][ERROR][EC_OTHTER]d8579dd9b01d8397c5169b43703c1bccff4ab9bb
[2016-12-24 10:42:19][4728][C:\xampp\htdocs\weixin\echoserver\class\WeChatCallBackEchoServer.php][process][61][ERROR][1100]query db errorupdate failUnknown column 'ojpXaaaaa' in 'where clause'
[2016-12-24 10:42:21][4728][C:\xampp\htdocs\weixin\echoserver\interface.php][checkSignature][8][ERROR][EC_OTHTER]
[2016-12-24 10:42:21][4728][C:\xampp\htdocs\weixin\echoserver\interface.php][checkSignature][14][ERROR][EC_OTHTER]d8579dd9b01d8397c5169b43703c1bccff4ab9bb
[2016-12-24 10:42:21][4728][C:\xampp\htdocs\weixin\echoserver\class\WeChatCallBackEchoServer.php][process][61][ERROR][1100]query db errorupdate failUnknown column 'ojpXaaaaa' in 'where clause'
[2016-12-24 10:42:22][4728][C:\xampp\htdocs\weixin\echoserver\interface.php][checkSignature][8][ERROR][EC_OTHTER]
[2016-12-24 10:42:22][4728][C:\xampp\htdocs\weixin\echoserver\interface.php][checkSignature][14][ERROR][EC_OTHTER]d8579dd9b01d8397c5169b43703c1bccff4ab9bb
[2016-12-24 10:42:22][4728][C:\xampp\htdocs\weixin\echoserver\class\WeChatCallBackEchoServer.php][process][61][ERROR][1100]query db errorupdate failUnknown column 'ojpXaaaaa' in 'where clause'
[2016-12-24 10:46:12][4728][C:\xampp\htdocs\weixin\echoserver\interface.php][checkSignature][8][ERROR][EC_OTHTER]
[2016-12-24 10:46:12][4728][C:\xampp\htdocs\weixin\echoserver\interface.php][checkSignature][14][ERROR][EC_OTHTER]d8579dd9b01d8397c5169b43703c1bccff4ab9bb
[2016-12-24 10:46:12][4728][C:\xampp\htdocs\weixin\echoserver\class\WeChatCallBackEchoServer.php][process][64][ERROR][1100]query db errorupdate failUnknown column 'ojpXaaaaa' in 'where clause'
[2016-12-24 10:48:18][4728][C:\xampp\htdocs\weixin\echoserver\interface.php][checkSignature][8][ERROR][EC_OTHTER]
[2016-12-24 10:48:18][4728][C:\xampp\htdocs\weixin\echoserver\interface.php][checkSignature][14][ERROR][EC_OTHTER]d8579dd9b01d8397c5169b43703c1bccff4ab9bb
[2016-12-24 10:48:18][4728][C:\xampp\htdocs\weixin\echoserver\class\WeChatCallBackEchoServer.php][process][63][ERROR][1100]query db errorupdate failUnknown column 'ojpXaaaaa' in 'where clause'
[2016-12-24 10:50:35][4728][C:\xampp\htdocs\weixin\echoserver\interface.php][checkSignature][8][ERROR][EC_OTHTER]
[2016-12-24 10:50:35][4728][C:\xampp\htdocs\weixin\echoserver\interface.php][checkSignature][14][ERROR][EC_OTHTER]d8579dd9b01d8397c5169b43703c1bccff4ab9bb
[2016-12-24 10:50:35][4728][C:\xampp\htdocs\weixin\echoserver\class\WeChatCallBackEchoServer.php][process][63][ERROR][1100]query db errorupdate failUnknown column 'ojpXaaaaa' in 'where clause'
[2016-12-24 11:01:38][4728][C:\xampp\htdocs\weixin\echoserver\interface.php][checkSignature][8][ERROR][EC_OTHTER]
[2016-12-24 11:01:38][4728][C:\xampp\htdocs\weixin\echoserver\interface.php][checkSignature][14][ERROR][EC_OTHTER]d8579dd9b01d8397c5169b43703c1bccff4ab9bb
[2016-12-24 11:01:53][4728][C:\xampp\htdocs\weixin\echoserver\interface.php][checkSignature][8][ERROR][EC_OTHTER]
[2016-12-24 11:01:53][4728][C:\xampp\htdocs\weixin\echoserver\interface.php][checkSignature][14][ERROR][EC_OTHTER]d8579dd9b01d8397c5169b43703c1bccff4ab9bb
[2016-12-24 11:01:57][4728][C:\xampp\htdocs\weixin\echoserver\interface.php][checkSignature][8][ERROR][EC_OTHTER]
[2016-12-24 11:01:57][4728][C:\xampp\htdocs\weixin\echoserver\interface.php][checkSignature][14][ERROR][EC_OTHTER]d8579dd9b01d8397c5169b43703c1bccff4ab9bb
[2016-12-24 11:01:59][4728][C:\xampp\htdocs\weixin\echoserver\interface.php][checkSignature][8][ERROR][EC_OTHTER]
[2016-12-24 11:01:59][4728][C:\xampp\htdocs\weixin\echoserver\interface.php][checkSignature][14][ERROR][EC_OTHTER]d8579dd9b01d8397c5169b43703c1bccff4ab9bb
[2016-12-24 11:02:00][4728][C:\xampp\htdocs\weixin\echoserver\interface.php][checkSignature][8][ERROR][EC_OTHTER]
[2016-12-24 11:02:00][4728][C:\xampp\htdocs\weixin\echoserver\interface.php][checkSignature][14][ERROR][EC_OTHTER]d8579dd9b01d8397c5169b43703c1bccff4ab9bb
[2016-12-24 11:02:00][4728][C:\xampp\htdocs\weixin\echoserver\interface.php][checkSignature][8][ERROR][EC_OTHTER]
[2016-12-24 11:02:00][4728][C:\xampp\htdocs\weixin\echoserver\interface.php][checkSignature][14][ERROR][EC_OTHTER]d8579dd9b01d8397c5169b43703c1bccff4ab9bb
[2016-12-24 11:02:01][4728][C:\xampp\htdocs\weixin\echoserver\interface.php][checkSignature][8][ERROR][EC_OTHTER]
[2016-12-24 11:02:01][4728][C:\xampp\htdocs\weixin\echoserver\interface.php][checkSignature][14][ERROR][EC_OTHTER]d8579dd9b01d8397c5169b43703c1bccff4ab9bb
[2016-12-24 11:02:01][4728][C:\xampp\htdocs\weixin\echoserver\interface.php][checkSignature][8][ERROR][EC_OTHTER]
[2016-12-24 11:02:01][4728][C:\xampp\htdocs\weixin\echoserver\interface.php][checkSignature][14][ERROR][EC_OTHTER]d8579dd9b01d8397c5169b43703c1bccff4ab9bb
[2016-12-24 11:02:02][4728][C:\xampp\htdocs\weixin\echoserver\interface.php][checkSignature][8][ERROR][EC_OTHTER]
[2016-12-24 11:02:02][4728][C:\xampp\htdocs\weixin\echoserver\interface.php][checkSignature][14][ERROR][EC_OTHTER]d8579dd9b01d8397c5169b43703c1bccff4ab9bb
[2016-12-24 11:02:03][4728][C:\xampp\htdocs\weixin\echoserver\interface.php][checkSignature][8][ERROR][EC_OTHTER]
[2016-12-24 11:02:03][4728][C:\xampp\htdocs\weixin\echoserver\interface.php][checkSignature][14][ERROR][EC_OTHTER]d8579dd9b01d8397c5169b43703c1bccff4ab9bb
[2016-12-24 11:02:04][4728][C:\xampp\htdocs\weixin\echoserver\interface.php][checkSignature][8][ERROR][EC_OTHTER]
[2016-12-24 11:02:04][4728][C:\xampp\htdocs\weixin\echoserver\interface.php][checkSignature][14][ERROR][EC_OTHTER]d8579dd9b01d8397c5169b43703c1bccff4ab9bb
[2016-12-24 11:02:07][4728][C:\xampp\htdocs\weixin\echoserver\interface.php][checkSignature][8][ERROR][EC_OTHTER]
[2016-12-24 11:02:07][4728][C:\xampp\htdocs\weixin\echoserver\interface.php][checkSignature][14][ERROR][EC_OTHTER]d8579dd9b01d8397c5169b43703c1bccff4ab9bb
[2016-12-24 11:02:57][4728][C:\xampp\htdocs\weixin\echoserver\interface.php][checkSignature][8][ERROR][EC_OTHTER]
[2016-12-24 11:02:57][4728][C:\xampp\htdocs\weixin\echoserver\interface.php][checkSignature][14][ERROR][EC_OTHTER]d8579dd9b01d8397c5169b43703c1bccff4ab9bb
[2016-12-24 11:03:31][4728][C:\xampp\htdocs\weixin\echoserver\interface.php][checkSignature][8][ERROR][EC_OTHTER]
[2016-12-24 11:03:31][4728][C:\xampp\htdocs\weixin\echoserver\interface.php][checkSignature][14][ERROR][EC_OTHTER]d8579dd9b01d8397c5169b43703c1bccff4ab9bb
[2016-12-24 11:03:53][4728][C:\xampp\htdocs\weixin\echoserver\interface.php][checkSignature][8][ERROR][EC_OTHTER]
[2016-12-24 11:03:53][4728][C:\xampp\htdocs\weixin\echoserver\interface.php][checkSignature][14][ERROR][EC_OTHTER]d8579dd9b01d8397c5169b43703c1bccff4ab9bb
[2016-12-24 11:04:00][4728][C:\xampp\htdocs\weixin\echoserver\interface.php][checkSignature][8][ERROR][EC_OTHTER]
[2016-12-24 11:04:00][4728][C:\xampp\htdocs\weixin\echoserver\interface.php][checkSignature][14][ERROR][EC_OTHTER]d8579dd9b01d8397c5169b43703c1bccff4ab9bb
[2016-12-24 11:04:29][4728][C:\xampp\htdocs\weixin\echoserver\interface.php][checkSignature][8][ERROR][EC_OTHTER]
[2016-12-24 11:04:29][4728][C:\xampp\htdocs\weixin\echoserver\interface.php][checkSignature][14][ERROR][EC_OTHTER]d8579dd9b01d8397c5169b43703c1bccff4ab9bb
[2016-12-24 11:04:40][4728][C:\xampp\htdocs\weixin\echoserver\interface.php][checkSignature][8][ERROR][EC_OTHTER]
[2016-12-24 11:04:40][4728][C:\xampp\htdocs\weixin\echoserver\interface.php][checkSignature][14][ERROR][EC_OTHTER]d8579dd9b01d8397c5169b43703c1bccff4ab9bb
[2016-12-24 11:08:15][4728][C:\xampp\htdocs\weixin\echoserver\interface.php][checkSignature][8][ERROR][EC_OTHTER]
[2016-12-24 11:08:15][4728][C:\xampp\htdocs\weixin\echoserver\interface.php][checkSignature][14][ERROR][EC_OTHTER]d8579dd9b01d8397c5169b43703c1bccff4ab9bb
[2016-12-24 11:08:16][4728][C:\xampp\htdocs\weixin\echoserver\interface.php][checkSignature][8][ERROR][EC_OTHTER]
[2016-12-24 11:08:16][4728][C:\xampp\htdocs\weixin\echoserver\interface.php][checkSignature][14][ERROR][EC_OTHTER]d8579dd9b01d8397c5169b43703c1bccff4ab9bb
[2016-12-24 11:08:20][4728][C:\xampp\htdocs\weixin\echoserver\interface.php][checkSignature][8][ERROR][EC_OTHTER]
[2016-12-24 11:08:20][4728][C:\xampp\htdocs\weixin\echoserver\interface.php][checkSignature][14][ERROR][EC_OTHTER]d8579dd9b01d8397c5169b43703c1bccff4ab9bb
[2016-12-24 11:08:29][4728][C:\xampp\htdocs\weixin\echoserver\interface.php][checkSignature][8][ERROR][EC_OTHTER]
[2016-12-24 11:08:29][4728][C:\xampp\htdocs\weixin\echoserver\interface.php][checkSignature][14][ERROR][EC_OTHTER]d8579dd9b01d8397c5169b43703c1bccff4ab9bb
[2016-12-24 11:08:33][4728][C:\xampp\htdocs\weixin\echoserver\interface.php][checkSignature][8][ERROR][EC_OTHTER]
[2016-12-24 11:08:33][4728][C:\xampp\htdocs\weixin\echoserver\interface.php][checkSignature][14][ERROR][EC_OTHTER]d8579dd9b01d8397c5169b43703c1bccff4ab9bb
[2016-12-24 11:08:35][4728][C:\xampp\htdocs\weixin\echoserver\interface.php][checkSignature][8][ERROR][EC_OTHTER]
[2016-12-24 11:08:35][4728][C:\xampp\htdocs\weixin\echoserver\interface.php][checkSignature][14][ERROR][EC_OTHTER]d8579dd9b01d8397c5169b43703c1bccff4ab9bb
