[2016-12-22 11:26:55][6092][INFO]SQL[SET NAMES latin1]
[2016-12-22 11:26:58][6092][INFO]SQL[SET NAMES latin1]
[2016-12-22 11:32:19][6092][INFO]SQL[SET NAMES latin1]
[2016-12-22 11:32:20][6092][INFO]SQL[SET NAMES latin1]
[2016-12-22 11:32:20][6092][INFO]SQL[SET NAMES latin1]
[2016-12-22 11:32:20][6092][INFO]SQL[SET NAMES latin1]
[2016-12-22 11:32:57][6092][INFO]SQL[SET NAMES latin1]
[2016-12-22 11:32:58][6092][INFO]SQL[SET NAMES latin1]
[2016-12-22 11:32:59][6092][INFO]SQL[SET NAMES latin1]
[2016-12-22 11:34:24][6092][INFO]SQL[SET NAMES latin1]
[2016-12-22 11:34:55][6092][INFO]SQL[SET NAMES latin1]
[2016-12-22 11:34:55][6092][INFO]excute time: 1482377695142ms SQL[SET NAMES latin1]
[2016-12-22 11:34:55][6092][INFO]SQL[INSERT INFO test SET `id` = '1', `name` = 'tom']
[2016-12-22 11:34:55][6092][INFO]excute time: 1482377695143ms SQL[INSERT INFO test SET `id` = '1', `name` = 'tom']
[2016-12-22 11:34:56][6092][INFO]SQL[SET NAMES latin1]
[2016-12-22 11:34:56][6092][INFO]excute time: 1482377696132ms SQL[SET NAMES latin1]
[2016-12-22 11:34:56][6092][INFO]SQL[INSERT INFO test SET `id` = '1', `name` = 'tom']
[2016-12-22 11:34:56][6092][INFO]excute time: 1482377696132ms SQL[INSERT INFO test SET `id` = '1', `name` = 'tom']
[2016-12-22 11:34:56][6092][INFO]SQL[SET NAMES latin1]
[2016-12-22 11:34:56][6092][INFO]excute time: 1482377696305ms SQL[SET NAMES latin1]
[2016-12-22 11:34:56][6092][INFO]SQL[INSERT INFO test SET `id` = '1', `name` = 'tom']
[2016-12-22 11:34:56][6092][INFO]excute time: 1482377696306ms SQL[INSERT INFO test SET `id` = '1', `name` = 'tom']
[2016-12-22 11:36:00][6092][INFO]SQL[SET NAMES latin1]
[2016-12-22 11:36:00][6092][INFO]excute time: 1482377760635ms SQL[SET NAMES latin1]
[2016-12-22 11:36:00][6092][INFO]SQL[INSERT INFO test SET `id` = '1', `name` = 'tom']
[2016-12-22 11:36:00][6092][INFO]excute time: 1482377760636ms SQL[INSERT INFO test SET `id` = '1', `name` = 'tom']
[2016-12-22 11:36:01][6092][INFO]SQL[SET NAMES latin1]
[2016-12-22 11:36:01][6092][INFO]excute time: 1482377761501ms SQL[SET NAMES latin1]
[2016-12-22 11:36:01][6092][INFO]SQL[INSERT INFO test SET `id` = '1', `name` = 'tom']
[2016-12-22 11:36:01][6092][INFO]excute time: 1482377761501ms SQL[INSERT INFO test SET `id` = '1', `name` = 'tom']
[2016-12-22 11:36:02][6092][INFO]SQL[SET NAMES latin1]
[2016-12-22 11:36:02][6092][INFO]excute time: 1482377762016ms SQL[SET NAMES latin1]
[2016-12-22 11:36:02][6092][INFO]SQL[INSERT INFO test SET `id` = '1', `name` = 'tom']
[2016-12-22 11:36:02][6092][INFO]excute time: 1482377762016ms SQL[INSERT INFO test SET `id` = '1', `name` = 'tom']
[2016-12-22 11:36:02][6092][INFO]SQL[SET NAMES latin1]
[2016-12-22 11:36:02][6092][INFO]excute time: 1482377762199ms SQL[SET NAMES latin1]
[2016-12-22 11:36:02][6092][INFO]SQL[INSERT INFO test SET `id` = '1', `name` = 'tom']
[2016-12-22 11:36:02][6092][INFO]excute time: 1482377762199ms SQL[INSERT INFO test SET `id` = '1', `name` = 'tom']
[2016-12-22 11:55:45][6092][INFO]SQL[SET NAMES latin1]
[2016-12-22 11:55:45][6092][INFO]excute time: 1482378945875ms SQL[SET NAMES latin1]
[2016-12-22 11:55:45][6092][INFO]SQL[INSERT INFO test SET `id` = '1', `name` = 'tom']
[2016-12-22 11:55:45][6092][INFO]excute time: 1482378945875ms SQL[INSERT INFO test SET `id` = '1', `name` = 'tom']
[2016-12-22 11:55:46][6092][INFO]SQL[SET NAMES latin1]
[2016-12-22 11:55:46][6092][INFO]excute time: 1482378946666ms SQL[SET NAMES latin1]
[2016-12-22 11:55:46][6092][INFO]SQL[INSERT INFO test SET `id` = '1', `name` = 'tom']
[2016-12-22 11:55:46][6092][INFO]excute time: 1482378946666ms SQL[INSERT INFO test SET `id` = '1', `name` = 'tom']
[2016-12-22 11:55:46][6092][INFO]SQL[SET NAMES latin1]
[2016-12-22 11:55:46][6092][INFO]excute time: 1482378946939ms SQL[SET NAMES latin1]
[2016-12-22 11:55:46][6092][INFO]SQL[INSERT INFO test SET `id` = '1', `name` = 'tom']
[2016-12-22 11:55:46][6092][INFO]excute time: 1482378946941ms SQL[INSERT INFO test SET `id` = '1', `name` = 'tom']
[2016-12-22 11:56:46][6092][INFO]SQL[SET NAMES latin1]
[2016-12-22 11:56:46][6092][INFO]excute time: 1482379006810ms SQL[SET NAMES latin1]
[2016-12-22 11:56:46][6092][INFO]SQL[INSERT INFO test SET `id` = '1', `name` = 'tom']
[2016-12-22 11:56:46][6092][INFO]excute time: 1482379006810ms SQL[INSERT INFO test SET `id` = '1', `name` = 'tom']
[2016-12-22 12:00:37][6092][INFO]SQL[SET NAMES latin1]
[2016-12-22 12:00:37][6092][INFO]excute time: 1482379237119ms SQL[SET NAMES latin1]
[2016-12-22 12:00:37][6092][INFO]SQL[INSERT INFO test SET `id` = '1', `name` = 'tom']
[2016-12-22 12:00:37][6092][INFO]excute time: 1482379237119ms SQL[INSERT INFO test SET `id` = '1', `name` = 'tom']
[2016-12-22 13:35:09][6092][INFO]
[2016-12-22 13:35:09][6092][INFO]***********************************
[2016-12-22 13:35:09][6092][INFO]***** interface request start *****
[2016-12-22 13:35:09][6092][INFO]request:
[2016-12-22 13:35:09][6092][INFO]get:array (
)
[2016-12-22 13:35:09][6092][INFO]***********interface request end***************
[2016-12-22 13:35:09][6092][INFO]************************************************
[2016-12-22 13:35:09][6092][INFO]
[2016-12-22 13:35:20][6092][INFO]SQL[SET NAMES latin1]
[2016-12-22 13:35:20][6092][INFO]excute time: 1482384920260ms SQL[SET NAMES latin1]
[2016-12-22 13:35:20][6092][INFO]SQL[INSERT INFO test SET `id` = '1', `name` = 'tom']
[2016-12-22 13:35:20][6092][INFO]excute time: 1482384920261ms SQL[INSERT INFO test SET `id` = '1', `name` = 'tom']
[2016-12-22 13:36:01][6092][INFO]SQL[SET NAMES latin1]
[2016-12-22 13:36:01][6092][INFO]excute time: 1482384961461ms SQL[SET NAMES latin1]
[2016-12-22 13:36:01][6092][INFO]SQL[INSERT INFO test SET `id` = '1', `name` = 'tom']
[2016-12-22 13:36:01][6092][INFO]excute time: 1482384961463ms SQL[INSERT INFO test SET `id` = '1', `name` = 'tom']
[2016-12-22 13:39:56][6092][INFO]SQL[SET NAMES latin1]
[2016-12-22 13:39:56][6092][INFO]excute time: 1482385196769ms SQL[SET NAMES latin1]
[2016-12-22 13:39:56][6092][INFO]SQL[INSERT INFO test SET `id` = '1', `name` = 'tom']
[2016-12-22 13:53:27][6092][INFO]SQL[SET NAMES latin1]
[2016-12-22 13:53:27][6092][INFO]excute time: 1482386007496ms SQL[SET NAMES latin1]
[2016-12-22 13:53:27][6092][INFO]SQL[INSERT INTO test SET `id` = '1', `name` = 'tom']
[2016-12-22 13:53:27][6092][INFO]excute time: 1482386007549ms SQL[INSERT INTO test SET `id` = '1', `name` = 'tom']
[2016-12-22 13:53:29][6092][INFO]SQL[SET NAMES latin1]
[2016-12-22 13:53:29][6092][INFO]excute time: 1482386009618ms SQL[SET NAMES latin1]
[2016-12-22 13:53:29][6092][INFO]SQL[INSERT INTO test SET `id` = '1', `name` = 'tom']
[2016-12-22 13:53:29][6092][INFO]excute time: 1482386009661ms SQL[INSERT INTO test SET `id` = '1', `name` = 'tom']
[2016-12-22 13:53:48][6092][INFO]SQL[SET NAMES latin1]
[2016-12-22 13:53:48][6092][INFO]excute time: 1482386028928ms SQL[SET NAMES latin1]
[2016-12-22 13:53:48][6092][INFO]SQL[INSERT INTO test SET `id` = '1', `name` = 'tom']
[2016-12-22 13:53:48][6092][INFO]excute time: 1482386028952ms SQL[INSERT INTO test SET `id` = '1', `name` = 'tom']
[2016-12-22 13:53:49][6092][INFO]SQL[SET NAMES latin1]
[2016-12-22 13:53:49][6092][INFO]excute time: 1482386029800ms SQL[SET NAMES latin1]
[2016-12-22 13:53:49][6092][INFO]SQL[INSERT INTO test SET `id` = '1', `name` = 'tom']
[2016-12-22 13:53:49][6092][INFO]excute time: 1482386029827ms SQL[INSERT INTO test SET `id` = '1', `name` = 'tom']
[2016-12-22 13:53:50][6092][INFO]SQL[SET NAMES latin1]
[2016-12-22 13:53:50][6092][INFO]excute time: 1482386030935ms SQL[SET NAMES latin1]
[2016-12-22 13:53:50][6092][INFO]SQL[INSERT INTO test SET `id` = '1', `name` = 'tom']
[2016-12-22 13:53:50][6092][INFO]excute time: 1482386030968ms SQL[INSERT INTO test SET `id` = '1', `name` = 'tom']
[2016-12-22 13:53:53][6092][INFO]SQL[SET NAMES latin1]
[2016-12-22 13:53:53][6092][INFO]excute time: 1482386033988ms SQL[SET NAMES latin1]
[2016-12-22 13:53:53][6092][INFO]SQL[INSERT INTO test SET `id` = '1', `name` = 'tom']
[2016-12-22 13:53:54][6092][INFO]excute time: 1482386034013ms SQL[INSERT INTO test SET `id` = '1', `name` = 'tom']
[2016-12-22 13:55:38][6092][INFO]SQL[SET NAMES latin1]
[2016-12-22 13:55:38][6092][INFO]excute time: 1482386138295ms SQL[SET NAMES latin1]
[2016-12-22 13:55:38][6092][INFO]SQL[INSERT INTO test SET `id` = '1', `name` = 'tom']
[2016-12-22 13:55:38][6092][INFO]excute time: 1482386138331ms SQL[INSERT INTO test SET `id` = '1', `name` = 'tom']
[2016-12-22 13:55:39][6092][INFO]SQL[SET NAMES latin1]
[2016-12-22 13:55:39][6092][INFO]excute time: 1482386139256ms SQL[SET NAMES latin1]
[2016-12-22 13:55:39][6092][INFO]SQL[INSERT INTO test SET `id` = '1', `name` = 'tom']
[2016-12-22 13:55:39][6092][INFO]excute time: 1482386139289ms SQL[INSERT INTO test SET `id` = '1', `name` = 'tom']
[2016-12-22 13:55:40][6092][INFO]SQL[SET NAMES latin1]
[2016-12-22 13:55:40][6092][INFO]excute time: 1482386140023ms SQL[SET NAMES latin1]
[2016-12-22 13:55:40][6092][INFO]SQL[INSERT INTO test SET `id` = '1', `name` = 'tom']
[2016-12-22 13:55:40][6092][INFO]excute time: 1482386140067ms SQL[INSERT INTO test SET `id` = '1', `name` = 'tom']
[2016-12-22 13:55:40][6092][INFO]SQL[SET NAMES latin1]
[2016-12-22 13:55:40][6092][INFO]excute time: 1482386140604ms SQL[SET NAMES latin1]
[2016-12-22 13:55:40][6092][INFO]SQL[INSERT INTO test SET `id` = '1', `name` = 'tom']
[2016-12-22 13:55:40][6092][INFO]excute time: 1482386140632ms SQL[INSERT INTO test SET `id` = '1', `name` = 'tom']
[2016-12-22 13:55:40][6092][INFO]SQL[SET NAMES latin1]
[2016-12-22 13:55:40][6092][INFO]excute time: 1482386140862ms SQL[SET NAMES latin1]
[2016-12-22 13:55:40][6092][INFO]SQL[INSERT INTO test SET `id` = '1', `name` = 'tom']
[2016-12-22 13:55:40][6092][INFO]excute time: 1482386140889ms SQL[INSERT INTO test SET `id` = '1', `name` = 'tom']
[2016-12-22 13:55:41][6092][INFO]SQL[SET NAMES latin1]
[2016-12-22 13:55:41][6092][INFO]excute time: 1482386141060ms SQL[SET NAMES latin1]
[2016-12-22 13:55:41][6092][INFO]SQL[INSERT INTO test SET `id` = '1', `name` = 'tom']
[2016-12-22 13:55:41][6092][INFO]excute time: 1482386141082ms SQL[INSERT INTO test SET `id` = '1', `name` = 'tom']
[2016-12-22 14:01:44][6092][INFO]SQL[SET NAMES latin1]
[2016-12-22 14:01:44][6092][INFO]excute time: 1482386504358ms SQL[SET NAMES latin1]
[2016-12-22 14:01:44][6092][INFO]SQL[INSERT INTO test SET `id` = '1', `name` = 'tom']
[2016-12-22 14:01:44][6092][INFO]excute time: 1482386504400ms SQL[INSERT INTO test SET `id` = '1', `name` = 'tom']
[2016-12-22 14:02:01][6092][INFO]SQL[SET NAMES latin1]
[2016-12-22 14:02:01][6092][INFO]excute time: 1482386521879ms SQL[SET NAMES latin1]
[2016-12-22 14:02:01][6092][INFO]SQL[INSERT INTO test SET `id` = '1', `name` = 'tom']
[2016-12-22 14:02:01][6092][INFO]excute time: 1482386521907ms SQL[INSERT INTO test SET `id` = '1', `name` = 'tom']
[2016-12-22 14:02:02][6092][INFO]SQL[SET NAMES latin1]
[2016-12-22 14:02:02][6092][INFO]excute time: 1482386522501ms SQL[SET NAMES latin1]
[2016-12-22 14:02:02][6092][INFO]SQL[INSERT INTO test SET `id` = '1', `name` = 'tom']
[2016-12-22 14:02:02][6092][INFO]excute time: 1482386522532ms SQL[INSERT INTO test SET `id` = '1', `name` = 'tom']
[2016-12-22 14:02:02][6092][INFO]SQL[SET NAMES latin1]
[2016-12-22 14:02:02][6092][INFO]excute time: 1482386522712ms SQL[SET NAMES latin1]
[2016-12-22 14:02:02][6092][INFO]SQL[INSERT INTO test SET `id` = '1', `name` = 'tom']
[2016-12-22 14:02:02][6092][INFO]excute time: 1482386522736ms SQL[INSERT INTO test SET `id` = '1', `name` = 'tom']
[2016-12-22 14:02:02][6092][INFO]SQL[SET NAMES latin1]
[2016-12-22 14:02:02][6092][INFO]excute time: 1482386522932ms SQL[SET NAMES latin1]
[2016-12-22 14:02:02][6092][INFO]SQL[INSERT INTO test SET `id` = '1', `name` = 'tom']
[2016-12-22 14:02:02][6092][INFO]excute time: 1482386522957ms SQL[INSERT INTO test SET `id` = '1', `name` = 'tom']
[2016-12-22 14:02:03][6092][INFO]SQL[SET NAMES latin1]
[2016-12-22 14:02:03][6092][INFO]excute time: 1482386523083ms SQL[SET NAMES latin1]
[2016-12-22 14:02:03][6092][INFO]SQL[INSERT INTO test SET `id` = '1', `name` = 'tom']
[2016-12-22 14:02:03][6092][INFO]excute time: 1482386523111ms SQL[INSERT INTO test SET `id` = '1', `name` = 'tom']
[2016-12-22 14:02:03][6092][INFO]SQL[SET NAMES latin1]
[2016-12-22 14:02:03][6092][INFO]excute time: 1482386523240ms SQL[SET NAMES latin1]
[2016-12-22 14:02:03][6092][INFO]SQL[INSERT INTO test SET `id` = '1', `name` = 'tom']
[2016-12-22 14:02:03][6092][INFO]excute time: 1482386523266ms SQL[INSERT INTO test SET `id` = '1', `name` = 'tom']
