[2016-12-23 09:55:23][6092][INFO]
[2016-12-23 09:55:23][6092][INFO]***********************************
[2016-12-23 09:55:23][6092][INFO]***** interface request start *****
[2016-12-23 09:55:23][6092][INFO]request:<xml>    <ToUserName><![CDATA[gh_oaco6ff491914c]]></ToUserName>    <FromUserName><![CDATA[ojpX_jig-gyi3_Q9fHXQ4rdHniQs]]></FromUserName>    <CreateTime>1482458123</CreateTime>    <MsgType><![CDATA[text]]></MsgType>    <Content><![CDATA[ccc]]></Content>    <MsgId>1234567890abcdef</MsgId></xml>
[2016-12-23 09:55:23][6092][INFO]get:array (
)
[2016-12-23 09:55:23][6092][INFO]response:<xml>
  <ToUserName><![CDATA[]]></ToUserName>
  <FromUserName><![CDATA[gh_oaco6ff491914c]]></FromUserName>
  <CreateTime>1482458123</CreateTime>
  <MsgType><![CDATA[text]]></MsgType>
  <Content><![CDATA[ccc]]></Content>
  <FuncFlag>0</FuncFlag>
</xml>

[2016-12-23 09:55:23][6092][INFO]***** interface request end *****
[2016-12-23 09:55:23][6092][INFO]*********************************
[2016-12-23 09:55:23][6092][INFO]
[2016-12-23 09:55:23][6092][INFO]cost time:1482458123.0384 warning
[2016-12-23 09:55:30][6092][INFO]
[2016-12-23 09:55:30][6092][INFO]***********************************
[2016-12-23 09:55:30][6092][INFO]***** interface request start *****
[2016-12-23 09:55:30][6092][INFO]request:<xml>    <ToUserName><![CDATA[gh_oaco6ff491914c]]></ToUserName>    <FromUserName><![CDATA[ojpX_jig-gyi3_Q9fHXQ4rdHniQs]]></FromUserName>    <CreateTime>1482458130</CreateTime>    <MsgType><![CDATA[image]]></MsgType>    <PicUrl><![CDATA[http://mmbiz.qpic.cn/mmbiz/L4qjYtOibummHn90t1mnaibYiaR8ljyicF3MW7XX3BLp1qZgUb7CtZ0DxqYFI4uAQH1FWs3hUicpibjF0pOqLEQyDMlg/0]]></PicUrl>    <MediaId><![CDATA[DBVFRIj29LB2hxuYpc0R6VLyxwgyCHZPbRj_IIs6YaGhutyXUKtFSDcSCPeoqUYr]]></MediaId>    <MsgId>1234567890abcdef</MsgId></xml>
[2016-12-23 09:55:30][6092][INFO]get:array (
)
[2016-12-23 09:55:30][6092][INFO]response:<xml>
  <ToUserName><![CDATA[]]></ToUserName>
  <FromUserName><![CDATA[gh_oaco6ff491914c]]></FromUserName>
  <CreateTime>1482458130</CreateTime>
  <MsgType><![CDATA[text]]></MsgType>
  <Content><![CDATA[only support text message]]></Content>
  <FuncFlag>0</FuncFlag>
</xml>

[2016-12-23 09:55:30][6092][INFO]***** interface request end *****
[2016-12-23 09:55:30][6092][INFO]*********************************
[2016-12-23 09:55:30][6092][INFO]
[2016-12-23 09:55:30][6092][INFO]cost time:1482458130.9199 warning
[2016-12-23 09:55:38][6092][INFO]
[2016-12-23 09:55:38][6092][INFO]***********************************
[2016-12-23 09:55:38][6092][INFO]***** interface request start *****
[2016-12-23 09:55:38][6092][INFO]request:<xml>    <ToUserName><![CDATA[gh_oaco6ff491914c]]></ToUserName>    <FromUserName><![CDATA[ojpX_jig-gyi3_Q9fHXQ4rdHniQs]]></FromUserName>    <CreateTime>1482458139</CreateTime>    <MsgType><![CDATA[event]]></MsgType>    <Event><![CDATA[subscribe]]></Event>    <EventKey><![CDATA[]]></EventKey>    <MsgId>1234567890abcdef</MsgId></xml>
[2016-12-23 09:55:38][6092][INFO]get:array (
)
[2016-12-23 09:55:38][6092][INFO]response:<xml>
  <ToUserName><![CDATA[]]></ToUserName>
  <FromUserName><![CDATA[gh_oaco6ff491914c]]></FromUserName>
  <CreateTime>1482458138</CreateTime>
  <MsgType><![CDATA[text]]></MsgType>
  <Content><![CDATA[only support text message]]></Content>
  <FuncFlag>0</FuncFlag>
</xml>

[2016-12-23 09:55:38][6092][INFO]***** interface request end *****
[2016-12-23 09:55:38][6092][INFO]*********************************
[2016-12-23 09:55:38][6092][INFO]
[2016-12-23 09:55:38][6092][INFO]cost time:1482458138.9883 warning
[2016-12-23 09:55:55][6092][INFO]
[2016-12-23 09:55:55][6092][INFO]***********************************
[2016-12-23 09:55:55][6092][INFO]***** interface request start *****
[2016-12-23 09:55:55][6092][INFO]request:<xml>    <ToUserName><![CDATA[gh_oaco6ff491914c]]></ToUserName>    <FromUserName><![CDATA[ojpX_jig-gyi3_Q9fHXQ4rdHniQs]]></FromUserName>    <CreateTime>1482458156</CreateTime>    <MsgType><![CDATA[voice]]></MsgType>    <MediaId><![CDATA[DBVFRIj29LB2hxuYpc0R6VLyxwgyCHZPbRj_IIs6YaGhutyXUKtFSDcSCPeoqUYr]]></MediaId>    <Format><![CDATA[amr]]></Format>    <Recognition><![CDATA[明天深圳天气怎么样？]]></Recognition>    <MsgId>1234567890abcdef</MsgId></xml>
[2016-12-23 09:55:55][6092][INFO]get:array (
)
[2016-12-23 09:55:55][6092][INFO]response:<xml>
  <ToUserName><![CDATA[]]></ToUserName>
  <FromUserName><![CDATA[gh_oaco6ff491914c]]></FromUserName>
  <CreateTime>1482458155</CreateTime>
  <MsgType><![CDATA[text]]></MsgType>
  <Content><![CDATA[only support text message]]></Content>
  <FuncFlag>0</FuncFlag>
</xml>

[2016-12-23 09:55:55][6092][INFO]***** interface request end *****
[2016-12-23 09:55:55][6092][INFO]*********************************
[2016-12-23 09:55:55][6092][INFO]
[2016-12-23 09:55:55][6092][INFO]cost time:1482458155.8833 warning
[2016-12-23 09:56:09][6092][INFO]
[2016-12-23 09:56:09][6092][INFO]***********************************
[2016-12-23 09:56:09][6092][INFO]***** interface request start *****
[2016-12-23 09:56:09][6092][INFO]request:<xml>    <ToUserName><![CDATA[gh_oaco6ff491914c]]></ToUserName>    <FromUserName><![CDATA[ojpX_jig-gyi3_Q9fHXQ4rdHniQs]]></FromUserName>    <CreateTime>1482458169</CreateTime>    <MsgType><![CDATA[location]]></MsgType>    <Location_X>22.539968</Location_X>    <Location_Y>113.95498</Location_Y>    <Scale><![CDATA[20]]></Scale>    <Label><![CDATA[中国广东省深圳市南山区华侨城深南大道9789号 邮政编码: 518057]]></Label>    <MsgId>1234567890abcdef</MsgId></xml>
[2016-12-23 09:56:09][6092][INFO]get:array (
)
[2016-12-23 09:56:09][6092][INFO]response:<xml>
  <ToUserName><![CDATA[]]></ToUserName>
  <FromUserName><![CDATA[gh_oaco6ff491914c]]></FromUserName>
  <CreateTime>1482458169</CreateTime>
  <MsgType><![CDATA[text]]></MsgType>
  <Content><![CDATA[only support text message]]></Content>
  <FuncFlag>0</FuncFlag>
</xml>

[2016-12-23 09:56:09][6092][INFO]***** interface request end *****
[2016-12-23 09:56:09][6092][INFO]*********************************
[2016-12-23 09:56:09][6092][INFO]
[2016-12-23 09:56:09][6092][INFO]cost time:1482458169.4701 warning
[2016-12-23 14:10:33][6092][INFO]SQL[SET NAMES latin1]
[2016-12-23 14:10:33][6092][INFO]excute time: 1482473433078ms SQL[SET NAMES latin1]
[2016-12-23 14:10:33][6092][INFO]SQL[INSERT INTO test SET `id` = '1', `name` = 'tom']
[2016-12-23 14:10:33][6092][INFO]excute time: 1482473433124ms SQL[INSERT INTO test SET `id` = '1', `name` = 'tom']
[2016-12-23 14:10:34][6092][INFO]SQL[SET NAMES latin1]
[2016-12-23 14:10:34][6092][INFO]excute time: 1482473434365ms SQL[SET NAMES latin1]
[2016-12-23 14:10:34][6092][INFO]SQL[INSERT INTO test SET `id` = '1', `name` = 'tom']
[2016-12-23 14:10:34][6092][INFO]excute time: 1482473434403ms SQL[INSERT INTO test SET `id` = '1', `name` = 'tom']
[2016-12-23 14:10:34][6092][INFO]SQL[SET NAMES latin1]
[2016-12-23 14:10:34][6092][INFO]excute time: 1482473434977ms SQL[SET NAMES latin1]
[2016-12-23 14:10:34][6092][INFO]SQL[INSERT INTO test SET `id` = '1', `name` = 'tom']
[2016-12-23 14:10:35][6092][INFO]excute time: 1482473435007ms SQL[INSERT INTO test SET `id` = '1', `name` = 'tom']
[2016-12-23 14:10:35][6092][INFO]SQL[SET NAMES latin1]
[2016-12-23 14:10:35][6092][INFO]excute time: 1482473435221ms SQL[SET NAMES latin1]
[2016-12-23 14:10:35][6092][INFO]SQL[INSERT INTO test SET `id` = '1', `name` = 'tom']
[2016-12-23 14:10:35][6092][INFO]excute time: 1482473435253ms SQL[INSERT INTO test SET `id` = '1', `name` = 'tom']
[2016-12-23 14:10:35][6092][INFO]SQL[SET NAMES latin1]
[2016-12-23 14:10:35][6092][INFO]excute time: 1482473435431ms SQL[SET NAMES latin1]
[2016-12-23 14:10:35][6092][INFO]SQL[INSERT INTO test SET `id` = '1', `name` = 'tom']
[2016-12-23 14:10:35][6092][INFO]excute time: 1482473435466ms SQL[INSERT INTO test SET `id` = '1', `name` = 'tom']
[2016-12-23 14:10:59][6092][INFO]SQL[SET NAMES latin1]
[2016-12-23 14:10:59][6092][INFO]excute time: 1482473459754ms SQL[SET NAMES latin1]
[2016-12-23 14:18:47][6092][INFO]SQL[SET NAMES latin1]
[2016-12-23 14:18:47][6092][INFO]excute time: 1482473927421ms SQL[SET NAMES latin1]
[2016-12-23 14:22:12][6092][INFO]SQL[SET NAMES latin1]
[2016-12-23 14:22:12][6092][INFO]excute time: 1482474132502ms SQL[SET NAMES latin1]
[2016-12-23 14:24:17][6092][INFO]SQL[SET NAMES latin1]
[2016-12-23 14:24:17][6092][INFO]excute time: 1482474257421ms SQL[SET NAMES latin1]
[2016-12-23 14:24:18][6092][INFO]SQL[SET NAMES latin1]
[2016-12-23 14:24:18][6092][INFO]excute time: 1482474258900ms SQL[SET NAMES latin1]
[2016-12-23 14:51:18][6092][INFO]SQL[SET NAMES latin1]
[2016-12-23 14:51:18][6092][INFO]excute time: 1482475878166ms SQL[SET NAMES latin1]
[2016-12-23 14:55:24][6092][INFO]SQL[SET NAMES latin1]
[2016-12-23 14:55:24][6092][INFO]excute time: 1482476124118ms SQL[SET NAMES latin1]
[2016-12-23 14:55:25][6092][INFO]SQL[SET NAMES latin1]
[2016-12-23 14:55:25][6092][INFO]excute time: 1482476125067ms SQL[SET NAMES latin1]
[2016-12-23 14:55:25][6092][INFO]SQL[SET NAMES latin1]
[2016-12-23 14:55:25][6092][INFO]excute time: 1482476125594ms SQL[SET NAMES latin1]
[2016-12-23 17:19:43][6092][INFO]SQL[SET NAMES latin1]
[2016-12-23 17:19:43][6092][INFO]excute time: 1482484783035ms SQL[SET NAMES latin1]
[2016-12-23 17:19:43][6092][INFO]SQL[SET NAMES latin1]
[2016-12-23 17:19:43][6092][INFO]excute time: 1482484783957ms SQL[SET NAMES latin1]
[2016-12-23 17:25:09][6092][INFO]
[2016-12-23 17:25:09][6092][INFO]***********************************
[2016-12-23 17:25:09][6092][INFO]***** interface request start *****
[2016-12-23 17:25:09][6092][INFO]request:<xml>    <ToUserName><![CDATA[gh_oaco6ff491914c]]></ToUserName>    <FromUserName><![CDATA[ojpX_jig-gyi3_Q9fHXQ4rdHniQs]]></FromUserName>    <CreateTime>1482485109</CreateTime>    <MsgType><![CDATA[text]]></MsgType>    <Content><![CDATA[?]]></Content>    <MsgId>1234567890abcdef</MsgId></xml>
[2016-12-23 17:25:09][6092][INFO]get:array (
)
[2016-12-23 17:26:05][6092][INFO]
[2016-12-23 17:26:05][6092][INFO]***********************************
[2016-12-23 17:26:05][6092][INFO]***** interface request start *****
[2016-12-23 17:26:05][6092][INFO]request:<xml>    <ToUserName><![CDATA[gh_oaco6ff491914c]]></ToUserName>    <FromUserName><![CDATA[ojpX_jig-gyi3_Q9fHXQ4rdHniQs]]></FromUserName>    <CreateTime>1482485165</CreateTime>    <MsgType><![CDATA[text]]></MsgType>    <Content><![CDATA[?]]></Content>    <MsgId>1234567890abcdef</MsgId></xml>
[2016-12-23 17:26:05][6092][INFO]get:array (
)
[2016-12-23 17:26:31][6092][INFO]
[2016-12-23 17:26:31][6092][INFO]***********************************
[2016-12-23 17:26:31][6092][INFO]***** interface request start *****
[2016-12-23 17:26:31][6092][INFO]request:<xml>    <ToUserName><![CDATA[gh_oaco6ff491914c]]></ToUserName>    <FromUserName><![CDATA[ojpX_jig-gyi3_Q9fHXQ4rdHniQs]]></FromUserName>    <CreateTime>1482485192</CreateTime>    <MsgType><![CDATA[text]]></MsgType>    <Content><![CDATA[?]]></Content>    <MsgId>1234567890abcdef</MsgId></xml>
[2016-12-23 17:26:31][6092][INFO]get:array (
)
[2016-12-23 17:28:02][6092][INFO]
[2016-12-23 17:28:02][6092][INFO]***********************************
[2016-12-23 17:28:02][6092][INFO]***** interface request start *****
[2016-12-23 17:28:02][6092][INFO]request:<xml>    <ToUserName><![CDATA[gh_oaco6ff491914c]]></ToUserName>    <FromUserName><![CDATA[ojpX_jig-gyi3_Q9fHXQ4rdHniQs]]></FromUserName>    <CreateTime>1482485282</CreateTime>    <MsgType><![CDATA[text]]></MsgType>    <Content><![CDATA[?]]></Content>    <MsgId>1234567890abcdef</MsgId></xml>
[2016-12-23 17:28:02][6092][INFO]get:array (
)
[2016-12-23 17:28:29][6092][INFO]
[2016-12-23 17:28:29][6092][INFO]***********************************
[2016-12-23 17:28:29][6092][INFO]***** interface request start *****
[2016-12-23 17:28:29][6092][INFO]request:<xml>    <ToUserName><![CDATA[gh_oaco6ff491914c]]></ToUserName>    <FromUserName><![CDATA[ojpX_jig-gyi3_Q9fHXQ4rdHniQs]]></FromUserName>    <CreateTime>1482485310</CreateTime>    <MsgType><![CDATA[text]]></MsgType>    <Content><![CDATA[?]]></Content>    <MsgId>1234567890abcdef</MsgId></xml>
[2016-12-23 17:28:29][6092][INFO]get:array (
)
[2016-12-23 17:29:31][6092][INFO]
[2016-12-23 17:29:31][6092][INFO]***********************************
[2016-12-23 17:29:31][6092][INFO]***** interface request start *****
[2016-12-23 17:29:31][6092][INFO]request:<xml>    <ToUserName><![CDATA[gh_oaco6ff491914c]]></ToUserName>    <FromUserName><![CDATA[ojpX_jig-gyi3_Q9fHXQ4rdHniQs]]></FromUserName>    <CreateTime>1482485371</CreateTime>    <MsgType><![CDATA[text]]></MsgType>    <Content><![CDATA[?]]></Content>    <MsgId>1234567890abcdef</MsgId></xml>
[2016-12-23 17:29:31][6092][INFO]get:array (
)
[2016-12-23 17:29:31][6092][INFO]SQL[SET NAMES latin1]
[2016-12-23 17:29:31][6092][INFO]excute time: 1482485371428ms SQL[SET NAMES latin1]
[2016-12-23 17:29:31][6092][INFO]response:
[2016-12-23 17:29:31][6092][INFO]***** interface request end *****
[2016-12-23 17:29:31][6092][INFO]*********************************
[2016-12-23 17:29:31][6092][INFO]
[2016-12-23 17:29:31][6092][INFO]cost time:1482485371.43 warning
[2016-12-23 17:32:17][6092][INFO]
[2016-12-23 17:32:17][6092][INFO]***********************************
[2016-12-23 17:32:17][6092][INFO]***** interface request start *****
[2016-12-23 17:32:17][6092][INFO]request:<xml>    <ToUserName><![CDATA[gh_oaco6ff491914c]]></ToUserName>    <FromUserName><![CDATA[ojpX_jig-gyi3_Q9fHXQ4rdHniQs]]></FromUserName>    <CreateTime>1482485537</CreateTime>    <MsgType><![CDATA[text]]></MsgType>    <Content><![CDATA[?]]></Content>    <MsgId>1234567890abcdef</MsgId></xml>
[2016-12-23 17:32:17][6092][INFO]get:array (
)
[2016-12-23 17:32:17][6092][INFO]SQL[SET NAMES latin1]
[2016-12-23 17:32:17][6092][INFO]excute time: 1482485537320ms SQL[SET NAMES latin1]
[2016-12-23 17:32:17][6092][INFO]response:
[2016-12-23 17:32:17][6092][INFO]***** interface request end *****
[2016-12-23 17:32:17][6092][INFO]*********************************
[2016-12-23 17:32:17][6092][INFO]
[2016-12-23 17:32:17][6092][INFO]cost time:1482485537.3224 warning
[2016-12-23 17:33:30][6092][INFO]SQL[SET NAMES latin1]
[2016-12-23 17:33:30][6092][INFO]excute time: 1482485610212ms SQL[SET NAMES latin1]
[2016-12-23 17:33:31][6092][INFO]SQL[SET NAMES latin1]
[2016-12-23 17:33:31][6092][INFO]excute time: 1482485611904ms SQL[SET NAMES latin1]
[2016-12-23 17:39:36][6092][INFO]SQL[SET NAMES latin1]
[2016-12-23 17:39:36][6092][INFO]excute time: 1482485976558ms SQL[SET NAMES latin1]
[2016-12-23 17:39:37][6092][INFO]SQL[SET NAMES latin1]
[2016-12-23 17:39:37][6092][INFO]excute time: 1482485977792ms SQL[SET NAMES latin1]
